
[[[自动注册扩展缓存完成]]]
[3/8/2020 11:46:24 AM]
[线程：1]
    注册总用时：0.0067ms
自动扫描程序集：0个
扩展缓存：

[[[微信扩展缓存注册完成]]]
[3/8/2020 11:46:24 AM]
[线程：1]
    微信扩展缓存注册总用时：0.0067ms
扩展缓存：Senparc.Weixin.Cache.LocalContainerCacheStrategy

[[[自动注册扩展缓存完成]]]
[3/8/2020 11:47:49 AM]
[线程：1]
    注册总用时：0.0069ms
自动扫描程序集：0个
扩展缓存：

[[[微信扩展缓存注册完成]]]
[3/8/2020 11:47:50 AM]
[线程：1]
    微信扩展缓存注册总用时：0.0052ms
扩展缓存：Senparc.Weixin.Cache.LocalContainerCacheStrategy

[[[自动注册扩展缓存完成]]]
[3/8/2020 11:49:45 AM]
[线程：1]
    注册总用时：0.005ms
自动扫描程序集：0个
扩展缓存：

[[[微信扩展缓存注册完成]]]
[3/8/2020 11:49:45 AM]
[线程：1]
    微信扩展缓存注册总用时：0.008ms
扩展缓存：Senparc.Weixin.Cache.LocalContainerCacheStrategy

[[[自动注册扩展缓存完成]]]
[3/8/2020 1:04:31 PM]
[线程：1]
    注册总用时：0.0054ms
自动扫描程序集：0个
扩展缓存：

[[[微信扩展缓存注册完成]]]
[3/8/2020 1:04:32 PM]
[线程：1]
    微信扩展缓存注册总用时：0.0061ms
扩展缓存：Senparc.Weixin.Cache.LocalContainerCacheStrategy

[[[自动注册扩展缓存完成]]]
[3/8/2020 1:09:09 PM]
[线程：1]
    注册总用时：0.0067ms
自动扫描程序集：0个
扩展缓存：

[[[微信扩展缓存注册完成]]]
[3/8/2020 1:09:09 PM]
[线程：1]
    微信扩展缓存注册总用时：0.0059ms
扩展缓存：Senparc.Weixin.Cache.LocalContainerCacheStrategy

[[[自动注册扩展缓存完成]]]
[3/8/2020 3:36:44 PM]
[线程：1]
    注册总用时：0.0075ms
自动扫描程序集：0个
扩展缓存：

[[[微信扩展缓存注册完成]]]
[3/8/2020 3:36:44 PM]
[线程：1]
    微信扩展缓存注册总用时：0.0062ms
扩展缓存：Senparc.Weixin.Cache.LocalContainerCacheStrategy

[[[自动注册扩展缓存完成]]]
[3/8/2020 5:41:16 PM]
[线程：1]
    注册总用时：0.0069ms
自动扫描程序集：0个
扩展缓存：

[[[微信扩展缓存注册完成]]]
[3/8/2020 5:41:16 PM]
[线程：1]
    微信扩展缓存注册总用时：0.006ms
扩展缓存：Senparc.Weixin.Cache.LocalContainerCacheStrategy

[[[自动注册扩展缓存完成]]]
[3/8/2020 5:47:24 PM]
[线程：1]
    注册总用时：0.0223ms
自动扫描程序集：0个
扩展缓存：

[[[微信扩展缓存注册完成]]]
[3/8/2020 5:47:24 PM]
[线程：1]
    微信扩展缓存注册总用时：0.007ms
扩展缓存：Senparc.Weixin.Cache.LocalContainerCacheStrategy

[[[自动注册扩展缓存完成]]]
[3/8/2020 6:29:22 PM]
[线程：1]
    注册总用时：0.0047ms
自动扫描程序集：0个
扩展缓存：

[[[微信扩展缓存注册完成]]]
[3/8/2020 6:29:22 PM]
[线程：1]
    微信扩展缓存注册总用时：0.0075ms
扩展缓存：Senparc.Weixin.Cache.LocalContainerCacheStrategy

[[[自动注册扩展缓存完成]]]
[3/8/2020 6:42:52 PM]
[线程：1]
    注册总用时：0.0058ms
自动扫描程序集：0个
扩展缓存：

[[[微信扩展缓存注册完成]]]
[3/8/2020 6:42:52 PM]
[线程：1]
    微信扩展缓存注册总用时：0.0075ms
扩展缓存：Senparc.Weixin.Cache.LocalContainerCacheStrategy

[[[自动注册扩展缓存完成]]]
[3/8/2020 9:01:36 PM]
[线程：1]
    注册总用时：0.0068ms
自动扫描程序集：0个
扩展缓存：

[[[微信扩展缓存注册完成]]]
[3/8/2020 9:01:36 PM]
[线程：1]
    微信扩展缓存注册总用时：0.0072ms
扩展缓存：Senparc.Weixin.Cache.LocalContainerCacheStrategy

[[[自动注册扩展缓存完成]]]
[3/8/2020 9:22:57 PM]
[线程：1]
    注册总用时：0.0062ms
自动扫描程序集：0个
扩展缓存：

[[[微信扩展缓存注册完成]]]
[3/8/2020 9:22:57 PM]
[线程：1]
    微信扩展缓存注册总用时：0.0069ms
扩展缓存：Senparc.Weixin.Cache.LocalContainerCacheStrategy

[[[自动注册扩展缓存完成]]]
[3/8/2020 9:26:21 PM]
[线程：1]
    注册总用时：0.0066ms
自动扫描程序集：0个
扩展缓存：

[[[微信扩展缓存注册完成]]]
[3/8/2020 9:26:22 PM]
[线程：1]
    微信扩展缓存注册总用时：0.0064ms
扩展缓存：Senparc.Weixin.Cache.LocalContainerCacheStrategy

[[[自动注册扩展缓存完成]]]
[3/8/2020 9:34:25 PM]
[线程：1]
    注册总用时：0.0072ms
自动扫描程序集：0个
扩展缓存：

[[[微信扩展缓存注册完成]]]
[3/8/2020 9:34:26 PM]
[线程：1]
    微信扩展缓存注册总用时：0.0044ms
扩展缓存：Senparc.Weixin.Cache.LocalContainerCacheStrategy
