
[[[自动注册扩展缓存完成]]]
[3/17/2020 5:20:45 PM]
[线程：1]
    注册总用时：0.0054ms
自动扫描程序集：0个
扩展缓存：

[[[微信扩展缓存注册完成]]]
[3/17/2020 5:20:46 PM]
[线程：1]
    微信扩展缓存注册总用时：0.0103ms
扩展缓存：Senparc.Weixin.Cache.LocalContainerCacheStrategy

[[[自动注册扩展缓存完成]]]
[3/17/2020 6:39:25 PM]
[线程：1]
    注册总用时：0.0066ms
自动扫描程序集：0个
扩展缓存：

[[[微信扩展缓存注册完成]]]
[3/17/2020 6:39:25 PM]
[线程：1]
    微信扩展缓存注册总用时：0.0061ms
扩展缓存：Senparc.Weixin.Cache.LocalContainerCacheStrategy

[[[自动注册扩展缓存完成]]]
[3/17/2020 7:36:31 PM]
[线程：1]
    注册总用时：0.0087ms
自动扫描程序集：0个
扩展缓存：

[[[微信扩展缓存注册完成]]]
[3/17/2020 7:36:32 PM]
[线程：1]
    微信扩展缓存注册总用时：0.0065ms
扩展缓存：Senparc.Weixin.Cache.LocalContainerCacheStrategy

[[[自动注册扩展缓存完成]]]
[3/17/2020 9:18:50 PM]
[线程：1]
    注册总用时：0.0094ms
自动扫描程序集：0个
扩展缓存：

[[[微信扩展缓存注册完成]]]
[3/17/2020 9:18:50 PM]
[线程：1]
    微信扩展缓存注册总用时：0.0069ms
扩展缓存：Senparc.Weixin.Cache.LocalContainerCacheStrategy
