
[[[自动注册扩展缓存完成]]]
[3/18/2020 6:56:48 PM]
[线程：1]
    注册总用时：0.007ms
自动扫描程序集：0个
扩展缓存：

[[[微信扩展缓存注册完成]]]
[3/18/2020 6:56:48 PM]
[线程：1]
    微信扩展缓存注册总用时：0.0049ms
扩展缓存：Senparc.Weixin.Cache.LocalContainerCacheStrategy

[[[自动注册扩展缓存完成]]]
[3/18/2020 7:06:56 PM]
[线程：1]
    注册总用时：0.007ms
自动扫描程序集：0个
扩展缓存：

[[[微信扩展缓存注册完成]]]
[3/18/2020 7:06:56 PM]
[线程：1]
    微信扩展缓存注册总用时：0.0057ms
扩展缓存：Senparc.Weixin.Cache.LocalContainerCacheStrategy

[[[自动注册扩展缓存完成]]]
[3/18/2020 8:14:14 PM]
[线程：1]
    注册总用时：0.0068ms
自动扫描程序集：0个
扩展缓存：

[[[微信扩展缓存注册完成]]]
[3/18/2020 8:14:15 PM]
[线程：1]
    微信扩展缓存注册总用时：0.0075ms
扩展缓存：Senparc.Weixin.Cache.LocalContainerCacheStrategy

[[[自动注册扩展缓存完成]]]
[3/18/2020 8:20:09 PM]
[线程：1]
    注册总用时：0.0064ms
自动扫描程序集：0个
扩展缓存：

[[[微信扩展缓存注册完成]]]
[3/18/2020 8:20:10 PM]
[线程：1]
    微信扩展缓存注册总用时：0.0068ms
扩展缓存：Senparc.Weixin.Cache.LocalContainerCacheStrategy

[[[自动注册扩展缓存完成]]]
[3/18/2020 9:32:29 PM]
[线程：1]
    注册总用时：0.0063ms
自动扫描程序集：0个
扩展缓存：

[[[微信扩展缓存注册完成]]]
[3/18/2020 9:32:29 PM]
[线程：1]
    微信扩展缓存注册总用时：0.0077ms
扩展缓存：Senparc.Weixin.Cache.LocalContainerCacheStrategy

[[[自动注册扩展缓存完成]]]
[3/18/2020 10:07:46 PM]
[线程：1]
    注册总用时：0.0068ms
自动扫描程序集：0个
扩展缓存：

[[[微信扩展缓存注册完成]]]
[3/18/2020 10:07:46 PM]
[线程：1]
    微信扩展缓存注册总用时：0.0055ms
扩展缓存：Senparc.Weixin.Cache.LocalContainerCacheStrategy

[[[自动注册扩展缓存完成]]]
[3/18/2020 10:34:19 PM]
[线程：1]
    注册总用时：0.0049ms
自动扫描程序集：0个
扩展缓存：

[[[微信扩展缓存注册完成]]]
[3/18/2020 10:34:19 PM]
[线程：1]
    微信扩展缓存注册总用时：0.0052ms
扩展缓存：Senparc.Weixin.Cache.LocalContainerCacheStrategy
