
[[[自动注册扩展缓存完成]]]
[3/6/2020 1:04:10 PM]
[线程：1]
    注册总用时：0.0074ms
自动扫描程序集：0个
扩展缓存：

[[[微信扩展缓存注册完成]]]
[3/6/2020 1:04:10 PM]
[线程：1]
    微信扩展缓存注册总用时：0.0081ms
扩展缓存：Senparc.Weixin.Cache.LocalContainerCacheStrategy

[[[自动注册扩展缓存完成]]]
[3/6/2020 1:17:57 PM]
[线程：1]
    注册总用时：0.0049ms
自动扫描程序集：0个
扩展缓存：

[[[微信扩展缓存注册完成]]]
[3/6/2020 1:17:57 PM]
[线程：1]
    微信扩展缓存注册总用时：0.0059ms
扩展缓存：Senparc.Weixin.Cache.LocalContainerCacheStrategy

[[[自动注册扩展缓存完成]]]
[3/6/2020 1:22:37 PM]
[线程：1]
    注册总用时：0.0073ms
自动扫描程序集：0个
扩展缓存：

[[[微信扩展缓存注册完成]]]
[3/6/2020 1:22:37 PM]
[线程：1]
    微信扩展缓存注册总用时：0.0051ms
扩展缓存：Senparc.Weixin.Cache.LocalContainerCacheStrategy

[[[自动注册扩展缓存完成]]]
[3/6/2020 1:30:44 PM]
[线程：1]
    注册总用时：0.0065ms
自动扫描程序集：0个
扩展缓存：

[[[微信扩展缓存注册完成]]]
[3/6/2020 1:30:44 PM]
[线程：1]
    微信扩展缓存注册总用时：0.0065ms
扩展缓存：Senparc.Weixin.Cache.LocalContainerCacheStrategy

[[[自动注册扩展缓存完成]]]
[3/6/2020 1:54:25 PM]
[线程：1]
    注册总用时：0.0065ms
自动扫描程序集：0个
扩展缓存：

[[[微信扩展缓存注册完成]]]
[3/6/2020 1:54:25 PM]
[线程：1]
    微信扩展缓存注册总用时：0.0061ms
扩展缓存：Senparc.Weixin.Cache.LocalContainerCacheStrategy

[[[自动注册扩展缓存完成]]]
[3/6/2020 1:58:10 PM]
[线程：1]
    注册总用时：0.0084ms
自动扫描程序集：0个
扩展缓存：

[[[微信扩展缓存注册完成]]]
[3/6/2020 1:58:10 PM]
[线程：1]
    微信扩展缓存注册总用时：0.008ms
扩展缓存：Senparc.Weixin.Cache.LocalContainerCacheStrategy

[[[自动注册扩展缓存完成]]]
[3/6/2020 2:08:59 PM]
[线程：1]
    注册总用时：0.0054ms
自动扫描程序集：0个
扩展缓存：

[[[微信扩展缓存注册完成]]]
[3/6/2020 2:08:59 PM]
[线程：1]
    微信扩展缓存注册总用时：0.0057ms
扩展缓存：Senparc.Weixin.Cache.LocalContainerCacheStrategy

[[[自动注册扩展缓存完成]]]
[3/6/2020 2:33:36 PM]
[线程：1]
    注册总用时：0.0072ms
自动扫描程序集：0个
扩展缓存：

[[[微信扩展缓存注册完成]]]
[3/6/2020 2:33:36 PM]
[线程：1]
    微信扩展缓存注册总用时：0.0059ms
扩展缓存：Senparc.Weixin.Cache.LocalContainerCacheStrategy

[[[自动注册扩展缓存完成]]]
[3/6/2020 2:49:49 PM]
[线程：1]
    注册总用时：0.0058ms
自动扫描程序集：0个
扩展缓存：

[[[微信扩展缓存注册完成]]]
[3/6/2020 2:49:49 PM]
[线程：1]
    微信扩展缓存注册总用时：0.0085ms
扩展缓存：Senparc.Weixin.Cache.LocalContainerCacheStrategy

[[[自动注册扩展缓存完成]]]
[3/6/2020 9:09:05 PM]
[线程：1]
    注册总用时：0.0059ms
自动扫描程序集：0个
扩展缓存：

[[[微信扩展缓存注册完成]]]
[3/6/2020 9:09:05 PM]
[线程：1]
    微信扩展缓存注册总用时：0.0065ms
扩展缓存：Senparc.Weixin.Cache.LocalContainerCacheStrategy

[[[自动注册扩展缓存完成]]]
[3/6/2020 9:42:32 PM]
[线程：1]
    注册总用时：0.0068ms
自动扫描程序集：0个
扩展缓存：

[[[微信扩展缓存注册完成]]]
[3/6/2020 9:42:33 PM]
[线程：1]
    微信扩展缓存注册总用时：0.0076ms
扩展缓存：Senparc.Weixin.Cache.LocalContainerCacheStrategy

[[[自动注册扩展缓存完成]]]
[3/6/2020 10:01:12 PM]
[线程：1]
    注册总用时：0.0061ms
自动扫描程序集：0个
扩展缓存：

[[[微信扩展缓存注册完成]]]
[3/6/2020 10:01:12 PM]
[线程：1]
    微信扩展缓存注册总用时：0.0066ms
扩展缓存：Senparc.Weixin.Cache.LocalContainerCacheStrategy

[[[自动注册扩展缓存完成]]]
[3/6/2020 10:07:59 PM]
[线程：1]
    注册总用时：0.0071ms
自动扫描程序集：0个
扩展缓存：

[[[微信扩展缓存注册完成]]]
[3/6/2020 10:07:59 PM]
[线程：1]
    微信扩展缓存注册总用时：0.0072ms
扩展缓存：Senparc.Weixin.Cache.LocalContainerCacheStrategy
