
[[[自动注册扩展缓存完成]]]
[3/3/2020 8:48:27 AM]
[线程：1]
    注册总用时：0.0064ms
自动扫描程序集：0个
扩展缓存：

[[[微信扩展缓存注册完成]]]
[3/3/2020 8:48:27 AM]
[线程：1]
    微信扩展缓存注册总用时：0.0072ms
扩展缓存：Senparc.Weixin.Cache.LocalContainerCacheStrategy

[[[自动注册扩展缓存完成]]]
[3/3/2020 9:10:47 AM]
[线程：1]
    注册总用时：0.005ms
自动扫描程序集：0个
扩展缓存：

[[[微信扩展缓存注册完成]]]
[3/3/2020 9:10:48 AM]
[线程：1]
    微信扩展缓存注册总用时：0.0057ms
扩展缓存：Senparc.Weixin.Cache.LocalContainerCacheStrategy

[[[自动注册扩展缓存完成]]]
[3/3/2020 9:23:15 AM]
[线程：1]
    注册总用时：0.0063ms
自动扫描程序集：0个
扩展缓存：

[[[微信扩展缓存注册完成]]]
[3/3/2020 9:23:15 AM]
[线程：1]
    微信扩展缓存注册总用时：0.0065ms
扩展缓存：Senparc.Weixin.Cache.LocalContainerCacheStrategy

[[[自动注册扩展缓存完成]]]
[3/3/2020 9:44:20 AM]
[线程：1]
    注册总用时：0.006ms
自动扫描程序集：0个
扩展缓存：

[[[微信扩展缓存注册完成]]]
[3/3/2020 9:44:20 AM]
[线程：1]
    微信扩展缓存注册总用时：0.0081ms
扩展缓存：Senparc.Weixin.Cache.LocalContainerCacheStrategy

[[[自动注册扩展缓存完成]]]
[3/3/2020 9:51:39 AM]
[线程：1]
    注册总用时：0.0084ms
自动扫描程序集：0个
扩展缓存：

[[[微信扩展缓存注册完成]]]
[3/3/2020 9:51:39 AM]
[线程：1]
    微信扩展缓存注册总用时：0.0074ms
扩展缓存：Senparc.Weixin.Cache.LocalContainerCacheStrategy

[[[自动注册扩展缓存完成]]]
[3/3/2020 9:57:07 AM]
[线程：1]
    注册总用时：0.0071ms
自动扫描程序集：0个
扩展缓存：

[[[微信扩展缓存注册完成]]]
[3/3/2020 9:57:07 AM]
[线程：1]
    微信扩展缓存注册总用时：0.0077ms
扩展缓存：Senparc.Weixin.Cache.LocalContainerCacheStrategy

[[[自动注册扩展缓存完成]]]
[3/3/2020 10:02:08 AM]
[线程：1]
    注册总用时：0.006ms
自动扫描程序集：0个
扩展缓存：

[[[微信扩展缓存注册完成]]]
[3/3/2020 10:02:08 AM]
[线程：1]
    微信扩展缓存注册总用时：0.0075ms
扩展缓存：Senparc.Weixin.Cache.LocalContainerCacheStrategy

[[[自动注册扩展缓存完成]]]
[3/3/2020 10:06:48 AM]
[线程：1]
    注册总用时：0.0488ms
自动扫描程序集：0个
扩展缓存：

[[[微信扩展缓存注册完成]]]
[3/3/2020 10:06:48 AM]
[线程：1]
    微信扩展缓存注册总用时：0.0058ms
扩展缓存：Senparc.Weixin.Cache.LocalContainerCacheStrategy

[[[自动注册扩展缓存完成]]]
[3/3/2020 10:10:59 AM]
[线程：1]
    注册总用时：0.0064ms
自动扫描程序集：0个
扩展缓存：

[[[微信扩展缓存注册完成]]]
[3/3/2020 10:10:59 AM]
[线程：1]
    微信扩展缓存注册总用时：0.0064ms
扩展缓存：Senparc.Weixin.Cache.LocalContainerCacheStrategy
