
[[[自动注册扩展缓存完成]]]
[3/19/2020 11:02:48 AM]
[线程：1]
    注册总用时：0.0046ms
自动扫描程序集：0个
扩展缓存：

[[[微信扩展缓存注册完成]]]
[3/19/2020 11:02:48 AM]
[线程：1]
    微信扩展缓存注册总用时：0.0048ms
扩展缓存：Senparc.Weixin.Cache.LocalContainerCacheStrategy

[[[自动注册扩展缓存完成]]]
[3/19/2020 12:46:06 PM]
[线程：1]
    注册总用时：0.0067ms
自动扫描程序集：0个
扩展缓存：

[[[微信扩展缓存注册完成]]]
[3/19/2020 12:46:06 PM]
[线程：1]
    微信扩展缓存注册总用时：0.0073ms
扩展缓存：Senparc.Weixin.Cache.LocalContainerCacheStrategy

[[[自动注册扩展缓存完成]]]
[3/19/2020 1:04:00 PM]
[线程：1]
    注册总用时：0.0074ms
自动扫描程序集：0个
扩展缓存：

[[[微信扩展缓存注册完成]]]
[3/19/2020 1:04:00 PM]
[线程：1]
    微信扩展缓存注册总用时：0.0081ms
扩展缓存：Senparc.Weixin.Cache.LocalContainerCacheStrategy

[[[自动注册扩展缓存完成]]]
[3/19/2020 1:38:59 PM]
[线程：1]
    注册总用时：0.0072ms
自动扫描程序集：0个
扩展缓存：

[[[微信扩展缓存注册完成]]]
[3/19/2020 1:38:59 PM]
[线程：1]
    微信扩展缓存注册总用时：0.0085ms
扩展缓存：Senparc.Weixin.Cache.LocalContainerCacheStrategy
