
[[[自动注册扩展缓存完成]]]
[3/5/2020 10:15:06 PM]
[线程：1]
    注册总用时：0.0058ms
自动扫描程序集：0个
扩展缓存：

[[[微信扩展缓存注册完成]]]
[3/5/2020 10:15:06 PM]
[线程：1]
    微信扩展缓存注册总用时：0.006ms
扩展缓存：Senparc.Weixin.Cache.LocalContainerCacheStrategy

[[[自动注册扩展缓存完成]]]
[3/5/2020 10:18:16 PM]
[线程：1]
    注册总用时：0.0096ms
自动扫描程序集：0个
扩展缓存：

[[[微信扩展缓存注册完成]]]
[3/5/2020 10:18:16 PM]
[线程：1]
    微信扩展缓存注册总用时：0.0059ms
扩展缓存：Senparc.Weixin.Cache.LocalContainerCacheStrategy

[[[自动注册扩展缓存完成]]]
[3/5/2020 10:21:23 PM]
[线程：1]
    注册总用时：0.0066ms
自动扫描程序集：0个
扩展缓存：

[[[微信扩展缓存注册完成]]]
[3/5/2020 10:21:23 PM]
[线程：1]
    微信扩展缓存注册总用时：0.0057ms
扩展缓存：Senparc.Weixin.Cache.LocalContainerCacheStrategy

[[[自动注册扩展缓存完成]]]
[3/5/2020 10:31:35 PM]
[线程：1]
    注册总用时：0.0128ms
自动扫描程序集：0个
扩展缓存：

[[[微信扩展缓存注册完成]]]
[3/5/2020 10:31:35 PM]
[线程：1]
    微信扩展缓存注册总用时：0.0072ms
扩展缓存：Senparc.Weixin.Cache.LocalContainerCacheStrategy
