
[[[自动注册扩展缓存完成]]]
[3/25/2020 10:56:07 AM]
[线程：1]
    注册总用时：0.0065ms
自动扫描程序集：0个
扩展缓存：

[[[微信扩展缓存注册完成]]]
[3/25/2020 10:56:07 AM]
[线程：1]
    微信扩展缓存注册总用时：0.0065ms
扩展缓存：Senparc.Weixin.Cache.LocalContainerCacheStrategy

[[[自动注册扩展缓存完成]]]
[3/25/2020 11:27:08 AM]
[线程：1]
    注册总用时：0.0057ms
自动扫描程序集：0个
扩展缓存：

[[[微信扩展缓存注册完成]]]
[3/25/2020 11:27:08 AM]
[线程：1]
    微信扩展缓存注册总用时：0.0069ms
扩展缓存：Senparc.Weixin.Cache.LocalContainerCacheStrategy

[[[自动注册扩展缓存完成]]]
[3/25/2020 11:36:41 AM]
[线程：1]
    注册总用时：0.0068ms
自动扫描程序集：0个
扩展缓存：

[[[微信扩展缓存注册完成]]]
[3/25/2020 11:36:41 AM]
[线程：1]
    微信扩展缓存注册总用时：0.0081ms
扩展缓存：Senparc.Weixin.Cache.LocalContainerCacheStrategy

[[[自动注册扩展缓存完成]]]
[3/25/2020 11:50:34 AM]
[线程：1]
    注册总用时：0.0054ms
自动扫描程序集：0个
扩展缓存：

[[[微信扩展缓存注册完成]]]
[3/25/2020 11:50:34 AM]
[线程：1]
    微信扩展缓存注册总用时：0.0078ms
扩展缓存：Senparc.Weixin.Cache.LocalContainerCacheStrategy

[[[自动注册扩展缓存完成]]]
[3/25/2020 12:03:55 PM]
[线程：1]
    注册总用时：0.0055ms
自动扫描程序集：0个
扩展缓存：

[[[微信扩展缓存注册完成]]]
[3/25/2020 12:03:55 PM]
[线程：1]
    微信扩展缓存注册总用时：0.0066ms
扩展缓存：Senparc.Weixin.Cache.LocalContainerCacheStrategy

[[[自动注册扩展缓存完成]]]
[3/25/2020 12:24:35 PM]
[线程：1]
    注册总用时：0.0053ms
自动扫描程序集：0个
扩展缓存：

[[[微信扩展缓存注册完成]]]
[3/25/2020 12:24:35 PM]
[线程：1]
    微信扩展缓存注册总用时：0.0072ms
扩展缓存：Senparc.Weixin.Cache.LocalContainerCacheStrategy

[[[自动注册扩展缓存完成]]]
[3/25/2020 2:14:42 PM]
[线程：1]
    注册总用时：0.0069ms
自动扫描程序集：0个
扩展缓存：

[[[微信扩展缓存注册完成]]]
[3/25/2020 2:14:42 PM]
[线程：1]
    微信扩展缓存注册总用时：0.008ms
扩展缓存：Senparc.Weixin.Cache.LocalContainerCacheStrategy

[[[自动注册扩展缓存完成]]]
[3/25/2020 2:46:26 PM]
[线程：1]
    注册总用时：0.0052ms
自动扫描程序集：0个
扩展缓存：

[[[微信扩展缓存注册完成]]]
[3/25/2020 2:46:27 PM]
[线程：1]
    微信扩展缓存注册总用时：0.0107ms
扩展缓存：Senparc.Weixin.Cache.LocalContainerCacheStrategy
