
[[[自动注册扩展缓存完成]]]
[2/14/2020 8:13:16 PM]
[线程：1]
    注册总用时：0.0019ms
自动扫描程序集：0个
扩展缓存：

[[[微信扩展缓存注册完成]]]
[2/14/2020 8:13:16 PM]
[线程：1]
    微信扩展缓存注册总用时：0.0017ms
扩展缓存：Senparc.Weixin.Cache.LocalContainerCacheStrategy

[[[自动注册扩展缓存完成]]]
[2/14/2020 8:13:45 PM]
[线程：1]
    注册总用时：0.0057ms
自动扫描程序集：0个
扩展缓存：

[[[微信扩展缓存注册完成]]]
[2/14/2020 8:13:45 PM]
[线程：1]
    微信扩展缓存注册总用时：0.0054ms
扩展缓存：Senparc.Weixin.Cache.LocalContainerCacheStrategy

[[[自动注册扩展缓存完成]]]
[2/14/2020 8:17:07 PM]
[线程：1]
    注册总用时：0.0068ms
自动扫描程序集：0个
扩展缓存：

[[[微信扩展缓存注册完成]]]
[2/14/2020 8:17:08 PM]
[线程：1]
    微信扩展缓存注册总用时：0.0077ms
扩展缓存：Senparc.Weixin.Cache.LocalContainerCacheStrategy

[[[自动注册扩展缓存完成]]]
[2/14/2020 8:36:04 PM]
[线程：1]
    注册总用时：0.0051ms
自动扫描程序集：0个
扩展缓存：

[[[微信扩展缓存注册完成]]]
[2/14/2020 8:36:04 PM]
[线程：1]
    微信扩展缓存注册总用时：0.0067ms
扩展缓存：Senparc.Weixin.Cache.LocalContainerCacheStrategy
