
[[[自动注册扩展缓存完成]]]
[12/21/2019 10:35:38 PM]
[线程：1]
    注册总用时：10.6398ms
自动扫描程序集：0个
扩展缓存：

[[[微信扩展缓存注册完成]]]
[12/21/2019 10:35:38 PM]
[线程：1]
    微信扩展缓存注册总用时：0.007ms
扩展缓存：Senparc.Weixin.Cache.LocalContainerCacheStrategy

[[[自动注册扩展缓存完成]]]
[12/21/2019 10:51:26 PM]
[线程：1]
    注册总用时：7.052ms
自动扫描程序集：0个
扩展缓存：

[[[微信扩展缓存注册完成]]]
[12/21/2019 10:51:26 PM]
[线程：1]
    微信扩展缓存注册总用时：0.0066ms
扩展缓存：Senparc.Weixin.Cache.LocalContainerCacheStrategy

[[[自动注册扩展缓存完成]]]
[12/21/2019 11:05:12 PM]
[线程：1]
    注册总用时：7.677ms
自动扫描程序集：0个
扩展缓存：

[[[微信扩展缓存注册完成]]]
[12/21/2019 11:05:12 PM]
[线程：1]
    微信扩展缓存注册总用时：0.0057ms
扩展缓存：Senparc.Weixin.Cache.LocalContainerCacheStrategy
