
[[[自动注册扩展缓存完成]]]
[3/29/2020 5:42:18 PM]
[线程：1]
    注册总用时：0.0049ms
自动扫描程序集：0个
扩展缓存：

[[[微信扩展缓存注册完成]]]
[3/29/2020 5:42:18 PM]
[线程：1]
    微信扩展缓存注册总用时：0.0834ms
扩展缓存：Senparc.Weixin.Cache.LocalContainerCacheStrategy

[[[自动注册扩展缓存完成]]]
[3/29/2020 5:53:28 PM]
[线程：1]
    注册总用时：0.0124ms
自动扫描程序集：0个
扩展缓存：

[[[微信扩展缓存注册完成]]]
[3/29/2020 5:53:28 PM]
[线程：1]
    微信扩展缓存注册总用时：0.0073ms
扩展缓存：Senparc.Weixin.Cache.LocalContainerCacheStrategy

[[[自动注册扩展缓存完成]]]
[3/29/2020 6:15:25 PM]
[线程：1]
    注册总用时：0.0057ms
自动扫描程序集：0个
扩展缓存：

[[[微信扩展缓存注册完成]]]
[3/29/2020 6:15:25 PM]
[线程：1]
    微信扩展缓存注册总用时：0.0053ms
扩展缓存：Senparc.Weixin.Cache.LocalContainerCacheStrategy
