
[[[自动注册扩展缓存完成]]]
[1/19/2020 3:39:27 PM]
[线程：1]
    注册总用时：0.0052ms
自动扫描程序集：0个
扩展缓存：

[[[微信扩展缓存注册完成]]]
[1/19/2020 3:39:27 PM]
[线程：1]
    微信扩展缓存注册总用时：0.0057ms
扩展缓存：Senparc.Weixin.Cache.LocalContainerCacheStrategy

[[[自动注册扩展缓存完成]]]
[1/19/2020 3:44:29 PM]
[线程：1]
    注册总用时：0.0088ms
自动扫描程序集：0个
扩展缓存：

[[[微信扩展缓存注册完成]]]
[1/19/2020 3:44:29 PM]
[线程：1]
    微信扩展缓存注册总用时：0.0063ms
扩展缓存：Senparc.Weixin.Cache.LocalContainerCacheStrategy

[[[自动注册扩展缓存完成]]]
[1/19/2020 5:00:32 PM]
[线程：1]
    注册总用时：0.0065ms
自动扫描程序集：0个
扩展缓存：

[[[微信扩展缓存注册完成]]]
[1/19/2020 5:00:32 PM]
[线程：1]
    微信扩展缓存注册总用时：0.0063ms
扩展缓存：Senparc.Weixin.Cache.LocalContainerCacheStrategy
