
[[[自动注册扩展缓存完成]]]
[1/16/2020 9:16:32 AM]
[线程：1]
    注册总用时：0.0054ms
自动扫描程序集：0个
扩展缓存：

[[[微信扩展缓存注册完成]]]
[1/16/2020 9:16:32 AM]
[线程：1]
    微信扩展缓存注册总用时：0.006ms
扩展缓存：Senparc.Weixin.Cache.LocalContainerCacheStrategy

[[[自动注册扩展缓存完成]]]
[1/16/2020 9:30:10 AM]
[线程：1]
    注册总用时：0.0053ms
自动扫描程序集：0个
扩展缓存：

[[[微信扩展缓存注册完成]]]
[1/16/2020 9:30:11 AM]
[线程：1]
    微信扩展缓存注册总用时：0.0055ms
扩展缓存：Senparc.Weixin.Cache.LocalContainerCacheStrategy

[[[自动注册扩展缓存完成]]]
[1/16/2020 9:40:33 AM]
[线程：1]
    注册总用时：0.0066ms
自动扫描程序集：0个
扩展缓存：

[[[微信扩展缓存注册完成]]]
[1/16/2020 9:40:33 AM]
[线程：1]
    微信扩展缓存注册总用时：0.0062ms
扩展缓存：Senparc.Weixin.Cache.LocalContainerCacheStrategy

[[[自动注册扩展缓存完成]]]
[1/16/2020 9:50:14 AM]
[线程：1]
    注册总用时：0.0058ms
自动扫描程序集：0个
扩展缓存：

[[[微信扩展缓存注册完成]]]
[1/16/2020 9:50:15 AM]
[线程：1]
    微信扩展缓存注册总用时：0.0082ms
扩展缓存：Senparc.Weixin.Cache.LocalContainerCacheStrategy

[[[自动注册扩展缓存完成]]]
[1/16/2020 3:25:43 PM]
[线程：1]
    注册总用时：0.0061ms
自动扫描程序集：0个
扩展缓存：

[[[微信扩展缓存注册完成]]]
[1/16/2020 3:25:43 PM]
[线程：1]
    微信扩展缓存注册总用时：0.0053ms
扩展缓存：Senparc.Weixin.Cache.LocalContainerCacheStrategy
