
[[[自动注册扩展缓存完成]]]
[1/17/2020 8:32:09 AM]
[线程：1]
    注册总用时：0.0067ms
自动扫描程序集：0个
扩展缓存：

[[[微信扩展缓存注册完成]]]
[1/17/2020 8:32:11 AM]
[线程：1]
    微信扩展缓存注册总用时：0.0073ms
扩展缓存：Senparc.Weixin.Cache.LocalContainerCacheStrategy

[[[自动注册扩展缓存完成]]]
[1/17/2020 8:49:10 AM]
[线程：1]
    注册总用时：0.0075ms
自动扫描程序集：0个
扩展缓存：

[[[微信扩展缓存注册完成]]]
[1/17/2020 8:49:11 AM]
[线程：1]
    微信扩展缓存注册总用时：0.0098ms
扩展缓存：Senparc.Weixin.Cache.LocalContainerCacheStrategy

[[[自动注册扩展缓存完成]]]
[1/17/2020 8:52:31 AM]
[线程：1]
    注册总用时：0.007ms
自动扫描程序集：0个
扩展缓存：

[[[微信扩展缓存注册完成]]]
[1/17/2020 8:52:31 AM]
[线程：1]
    微信扩展缓存注册总用时：0.0097ms
扩展缓存：Senparc.Weixin.Cache.LocalContainerCacheStrategy

[[[自动注册扩展缓存完成]]]
[1/17/2020 8:59:34 AM]
[线程：1]
    注册总用时：0.0058ms
自动扫描程序集：0个
扩展缓存：

[[[微信扩展缓存注册完成]]]
[1/17/2020 8:59:35 AM]
[线程：1]
    微信扩展缓存注册总用时：0.0059ms
扩展缓存：Senparc.Weixin.Cache.LocalContainerCacheStrategy

[[[自动注册扩展缓存完成]]]
[1/17/2020 9:19:32 AM]
[线程：1]
    注册总用时：0.0053ms
自动扫描程序集：0个
扩展缓存：

[[[微信扩展缓存注册完成]]]
[1/17/2020 9:19:32 AM]
[线程：1]
    微信扩展缓存注册总用时：0.0055ms
扩展缓存：Senparc.Weixin.Cache.LocalContainerCacheStrategy

[[[自动注册扩展缓存完成]]]
[1/17/2020 9:23:48 AM]
[线程：1]
    注册总用时：0.0063ms
自动扫描程序集：0个
扩展缓存：

[[[微信扩展缓存注册完成]]]
[1/17/2020 9:23:48 AM]
[线程：1]
    微信扩展缓存注册总用时：0.0067ms
扩展缓存：Senparc.Weixin.Cache.LocalContainerCacheStrategy

[[[自动注册扩展缓存完成]]]
[1/17/2020 9:32:43 AM]
[线程：1]
    注册总用时：0.0055ms
自动扫描程序集：0个
扩展缓存：

[[[微信扩展缓存注册完成]]]
[1/17/2020 9:32:43 AM]
[线程：1]
    微信扩展缓存注册总用时：0.0062ms
扩展缓存：Senparc.Weixin.Cache.LocalContainerCacheStrategy

[[[自动注册扩展缓存完成]]]
[1/17/2020 9:46:01 AM]
[线程：1]
    注册总用时：0.0089ms
自动扫描程序集：0个
扩展缓存：

[[[微信扩展缓存注册完成]]]
[1/17/2020 9:46:01 AM]
[线程：1]
    微信扩展缓存注册总用时：0.0074ms
扩展缓存：Senparc.Weixin.Cache.LocalContainerCacheStrategy

[[[自动注册扩展缓存完成]]]
[1/17/2020 1:55:40 PM]
[线程：1]
    注册总用时：0.005ms
自动扫描程序集：0个
扩展缓存：

[[[微信扩展缓存注册完成]]]
[1/17/2020 1:55:41 PM]
[线程：1]
    微信扩展缓存注册总用时：0.0056ms
扩展缓存：Senparc.Weixin.Cache.LocalContainerCacheStrategy

[[[自动注册扩展缓存完成]]]
[1/17/2020 3:09:24 PM]
[线程：1]
    注册总用时：0.0052ms
自动扫描程序集：0个
扩展缓存：

[[[微信扩展缓存注册完成]]]
[1/17/2020 3:09:24 PM]
[线程：1]
    微信扩展缓存注册总用时：0.0055ms
扩展缓存：Senparc.Weixin.Cache.LocalContainerCacheStrategy
