
[[[自动注册扩展缓存完成]]]
[3/22/2020 11:20:12 AM]
[线程：1]
    注册总用时：0.0064ms
自动扫描程序集：0个
扩展缓存：

[[[微信扩展缓存注册完成]]]
[3/22/2020 11:20:15 AM]
[线程：1]
    微信扩展缓存注册总用时：0.0066ms
扩展缓存：Senparc.Weixin.Cache.LocalContainerCacheStrategy

[[[自动注册扩展缓存完成]]]
[3/22/2020 1:57:11 PM]
[线程：1]
    注册总用时：0.0239ms
自动扫描程序集：0个
扩展缓存：

[[[微信扩展缓存注册完成]]]
[3/22/2020 1:57:11 PM]
[线程：1]
    微信扩展缓存注册总用时：0.0096ms
扩展缓存：Senparc.Weixin.Cache.LocalContainerCacheStrategy

[[[自动注册扩展缓存完成]]]
[3/22/2020 2:02:51 PM]
[线程：1]
    注册总用时：0.0065ms
自动扫描程序集：0个
扩展缓存：

[[[微信扩展缓存注册完成]]]
[3/22/2020 2:02:57 PM]
[线程：1]
    微信扩展缓存注册总用时：0.007ms
扩展缓存：Senparc.Weixin.Cache.LocalContainerCacheStrategy

[[[自动注册扩展缓存完成]]]
[3/22/2020 2:08:25 PM]
[线程：1]
    注册总用时：0.0049ms
自动扫描程序集：0个
扩展缓存：

[[[微信扩展缓存注册完成]]]
[3/22/2020 2:08:25 PM]
[线程：1]
    微信扩展缓存注册总用时：0.006ms
扩展缓存：Senparc.Weixin.Cache.LocalContainerCacheStrategy

[[[自动注册扩展缓存完成]]]
[3/22/2020 2:23:06 PM]
[线程：1]
    注册总用时：0.0082ms
自动扫描程序集：0个
扩展缓存：

[[[微信扩展缓存注册完成]]]
[3/22/2020 2:23:06 PM]
[线程：1]
    微信扩展缓存注册总用时：0.0069ms
扩展缓存：Senparc.Weixin.Cache.LocalContainerCacheStrategy

[[[自动注册扩展缓存完成]]]
[3/22/2020 3:22:25 PM]
[线程：1]
    注册总用时：0.0075ms
自动扫描程序集：0个
扩展缓存：

[[[微信扩展缓存注册完成]]]
[3/22/2020 3:22:33 PM]
[线程：1]
    微信扩展缓存注册总用时：0.0072ms
扩展缓存：Senparc.Weixin.Cache.LocalContainerCacheStrategy

[[[自动注册扩展缓存完成]]]
[3/22/2020 3:26:49 PM]
[线程：1]
    注册总用时：0.0075ms
自动扫描程序集：0个
扩展缓存：

[[[微信扩展缓存注册完成]]]
[3/22/2020 3:26:53 PM]
[线程：1]
    微信扩展缓存注册总用时：0.007ms
扩展缓存：Senparc.Weixin.Cache.LocalContainerCacheStrategy

[[[自动注册扩展缓存完成]]]
[3/22/2020 3:34:45 PM]
[线程：1]
    注册总用时：0.0049ms
自动扫描程序集：0个
扩展缓存：

[[[微信扩展缓存注册完成]]]
[3/22/2020 3:34:45 PM]
[线程：1]
    微信扩展缓存注册总用时：0.0049ms
扩展缓存：Senparc.Weixin.Cache.LocalContainerCacheStrategy

[[[自动注册扩展缓存完成]]]
[3/22/2020 4:49:30 PM]
[线程：1]
    注册总用时：0.0065ms
自动扫描程序集：0个
扩展缓存：

[[[微信扩展缓存注册完成]]]
[3/22/2020 4:49:43 PM]
[线程：1]
    微信扩展缓存注册总用时：0.0061ms
扩展缓存：Senparc.Weixin.Cache.LocalContainerCacheStrategy

[[[自动注册扩展缓存完成]]]
[3/22/2020 5:17:12 PM]
[线程：1]
    注册总用时：0.0057ms
自动扫描程序集：0个
扩展缓存：

[[[微信扩展缓存注册完成]]]
[3/22/2020 5:17:16 PM]
[线程：1]
    微信扩展缓存注册总用时：0.0069ms
扩展缓存：Senparc.Weixin.Cache.LocalContainerCacheStrategy

[[[自动注册扩展缓存完成]]]
[3/22/2020 8:48:40 PM]
[线程：1]
    注册总用时：0.0069ms
自动扫描程序集：0个
扩展缓存：

[[[微信扩展缓存注册完成]]]
[3/22/2020 8:48:40 PM]
[线程：1]
    微信扩展缓存注册总用时：0.0062ms
扩展缓存：Senparc.Weixin.Cache.LocalContainerCacheStrategy

[[[自动注册扩展缓存完成]]]
[3/22/2020 9:07:09 PM]
[线程：1]
    注册总用时：0.0063ms
自动扫描程序集：0个
扩展缓存：

[[[微信扩展缓存注册完成]]]
[3/22/2020 9:07:10 PM]
[线程：1]
    微信扩展缓存注册总用时：0.0071ms
扩展缓存：Senparc.Weixin.Cache.LocalContainerCacheStrategy

[[[自动注册扩展缓存完成]]]
[3/22/2020 9:19:00 PM]
[线程：1]
    注册总用时：0.0068ms
自动扫描程序集：0个
扩展缓存：

[[[微信扩展缓存注册完成]]]
[3/22/2020 9:19:00 PM]
[线程：1]
    微信扩展缓存注册总用时：0.0072ms
扩展缓存：Senparc.Weixin.Cache.LocalContainerCacheStrategy

[[[自动注册扩展缓存完成]]]
[3/22/2020 9:19:28 PM]
[线程：1]
    注册总用时：0.0047ms
自动扫描程序集：0个
扩展缓存：

[[[微信扩展缓存注册完成]]]
[3/22/2020 9:19:28 PM]
[线程：1]
    微信扩展缓存注册总用时：0.007ms
扩展缓存：Senparc.Weixin.Cache.LocalContainerCacheStrategy
