
[[[自动注册扩展缓存完成]]]
[3/24/2020 8:43:07 PM]
[线程：1]
    注册总用时：0.0057ms
自动扫描程序集：0个
扩展缓存：

[[[微信扩展缓存注册完成]]]
[3/24/2020 8:43:08 PM]
[线程：1]
    微信扩展缓存注册总用时：0.0104ms
扩展缓存：Senparc.Weixin.Cache.LocalContainerCacheStrategy

[[[自动注册扩展缓存完成]]]
[3/24/2020 8:53:08 PM]
[线程：1]
    注册总用时：0.0067ms
自动扫描程序集：0个
扩展缓存：

[[[微信扩展缓存注册完成]]]
[3/24/2020 8:53:08 PM]
[线程：1]
    微信扩展缓存注册总用时：0.0064ms
扩展缓存：Senparc.Weixin.Cache.LocalContainerCacheStrategy

[[[自动注册扩展缓存完成]]]
[3/24/2020 10:25:29 PM]
[线程：1]
    注册总用时：0.0069ms
自动扫描程序集：0个
扩展缓存：

[[[微信扩展缓存注册完成]]]
[3/24/2020 10:25:29 PM]
[线程：1]
    微信扩展缓存注册总用时：0.0059ms
扩展缓存：Senparc.Weixin.Cache.LocalContainerCacheStrategy
