
[[[自动注册扩展缓存完成]]]
[2/22/2020 5:05:52 PM]
[线程：1]
    注册总用时：0.0228ms
自动扫描程序集：0个
扩展缓存：

[[[微信扩展缓存注册完成]]]
[2/22/2020 5:05:52 PM]
[线程：1]
    微信扩展缓存注册总用时：0.0611ms
扩展缓存：Senparc.Weixin.Cache.LocalContainerCacheStrategy

[[[自动注册扩展缓存完成]]]
[2/22/2020 5:21:12 PM]
[线程：1]
    注册总用时：0.0065ms
自动扫描程序集：0个
扩展缓存：

[[[微信扩展缓存注册完成]]]
[2/22/2020 5:21:12 PM]
[线程：1]
    微信扩展缓存注册总用时：0.0089ms
扩展缓存：Senparc.Weixin.Cache.LocalContainerCacheStrategy

[[[自动注册扩展缓存完成]]]
[2/22/2020 6:18:24 PM]
[线程：1]
    注册总用时：0.005ms
自动扫描程序集：0个
扩展缓存：

[[[微信扩展缓存注册完成]]]
[2/22/2020 6:18:26 PM]
[线程：1]
    微信扩展缓存注册总用时：0.0055ms
扩展缓存：Senparc.Weixin.Cache.LocalContainerCacheStrategy
