
[[[自动注册扩展缓存完成]]]
[2/17/2020 3:20:38 PM]
[线程：1]
    注册总用时：0.007ms
自动扫描程序集：0个
扩展缓存：

[[[微信扩展缓存注册完成]]]
[2/17/2020 3:20:38 PM]
[线程：1]
    微信扩展缓存注册总用时：0.0081ms
扩展缓存：Senparc.Weixin.Cache.LocalContainerCacheStrategy

[[[自动注册扩展缓存完成]]]
[2/17/2020 7:07:44 PM]
[线程：1]
    注册总用时：0.0062ms
自动扫描程序集：0个
扩展缓存：

[[[微信扩展缓存注册完成]]]
[2/17/2020 7:07:44 PM]
[线程：1]
    微信扩展缓存注册总用时：0.0061ms
扩展缓存：Senparc.Weixin.Cache.LocalContainerCacheStrategy

[[[自动注册扩展缓存完成]]]
[2/17/2020 8:22:27 PM]
[线程：1]
    注册总用时：0.0201ms
自动扫描程序集：0个
扩展缓存：

[[[微信扩展缓存注册完成]]]
[2/17/2020 8:22:27 PM]
[线程：1]
    微信扩展缓存注册总用时：0.0161ms
扩展缓存：Senparc.Weixin.Cache.LocalContainerCacheStrategy
