
[[[自动注册扩展缓存完成]]]
[1/12/2020 9:21:04 AM]
[线程：1]
    注册总用时：0.0053ms
自动扫描程序集：0个
扩展缓存：

[[[微信扩展缓存注册完成]]]
[1/12/2020 9:21:05 AM]
[线程：1]
    微信扩展缓存注册总用时：0.0072ms
扩展缓存：Senparc.Weixin.Cache.LocalContainerCacheStrategy

[[[自动注册扩展缓存完成]]]
[1/12/2020 10:01:46 AM]
[线程：1]
    注册总用时：0.0179ms
自动扫描程序集：0个
扩展缓存：

[[[微信扩展缓存注册完成]]]
[1/12/2020 10:01:46 AM]
[线程：1]
    微信扩展缓存注册总用时：0.0088ms
扩展缓存：Senparc.Weixin.Cache.LocalContainerCacheStrategy

[[[自动注册扩展缓存完成]]]
[1/12/2020 10:53:23 AM]
[线程：1]
    注册总用时：0.006ms
自动扫描程序集：0个
扩展缓存：

[[[微信扩展缓存注册完成]]]
[1/12/2020 10:53:23 AM]
[线程：1]
    微信扩展缓存注册总用时：0.006ms
扩展缓存：Senparc.Weixin.Cache.LocalContainerCacheStrategy

[[[自动注册扩展缓存完成]]]
[1/12/2020 11:15:57 AM]
[线程：1]
    注册总用时：0.0099ms
自动扫描程序集：0个
扩展缓存：

[[[微信扩展缓存注册完成]]]
[1/12/2020 11:15:57 AM]
[线程：1]
    微信扩展缓存注册总用时：0.0082ms
扩展缓存：Senparc.Weixin.Cache.LocalContainerCacheStrategy

[[[自动注册扩展缓存完成]]]
[1/12/2020 11:28:56 AM]
[线程：1]
    注册总用时：0.0066ms
自动扫描程序集：0个
扩展缓存：

[[[微信扩展缓存注册完成]]]
[1/12/2020 11:28:56 AM]
[线程：1]
    微信扩展缓存注册总用时：0.0069ms
扩展缓存：Senparc.Weixin.Cache.LocalContainerCacheStrategy

[[[自动注册扩展缓存完成]]]
[1/12/2020 11:39:30 AM]
[线程：1]
    注册总用时：0.0091ms
自动扫描程序集：0个
扩展缓存：

[[[微信扩展缓存注册完成]]]
[1/12/2020 11:39:30 AM]
[线程：1]
    微信扩展缓存注册总用时：0.0058ms
扩展缓存：Senparc.Weixin.Cache.LocalContainerCacheStrategy
