
[[[自动注册扩展缓存完成]]]
[12/25/2019 2:52:40 PM]
[线程：1]
    注册总用时：8.4827ms
自动扫描程序集：0个
扩展缓存：

[[[微信扩展缓存注册完成]]]
[12/25/2019 2:52:41 PM]
[线程：1]
    微信扩展缓存注册总用时：0.0067ms
扩展缓存：Senparc.Weixin.Cache.LocalContainerCacheStrategy

[[[自动注册扩展缓存完成]]]
[12/25/2019 3:34:44 PM]
[线程：1]
    注册总用时：5.2091ms
自动扫描程序集：0个
扩展缓存：

[[[微信扩展缓存注册完成]]]
[12/25/2019 3:34:45 PM]
[线程：1]
    微信扩展缓存注册总用时：0.0064ms
扩展缓存：Senparc.Weixin.Cache.LocalContainerCacheStrategy

[[[自动注册扩展缓存完成]]]
[12/25/2019 6:23:37 PM]
[线程：1]
    注册总用时：4.2665ms
自动扫描程序集：0个
扩展缓存：

[[[微信扩展缓存注册完成]]]
[12/25/2019 6:23:37 PM]
[线程：1]
    微信扩展缓存注册总用时：0.0064ms
扩展缓存：Senparc.Weixin.Cache.LocalContainerCacheStrategy

[[[自动注册扩展缓存完成]]]
[12/25/2019 8:26:52 PM]
[线程：1]
    注册总用时：18.2184ms
自动扫描程序集：0个
扩展缓存：

[[[微信扩展缓存注册完成]]]
[12/25/2019 8:26:52 PM]
[线程：1]
    微信扩展缓存注册总用时：0.0055ms
扩展缓存：Senparc.Weixin.Cache.LocalContainerCacheStrategy
