
[[[自动注册扩展缓存完成]]]
[3/23/2020 8:18:21 AM]
[线程：1]
    注册总用时：0.0056ms
自动扫描程序集：0个
扩展缓存：

[[[微信扩展缓存注册完成]]]
[3/23/2020 8:18:21 AM]
[线程：1]
    微信扩展缓存注册总用时：0.0057ms
扩展缓存：Senparc.Weixin.Cache.LocalContainerCacheStrategy

[[[自动注册扩展缓存完成]]]
[3/23/2020 8:19:11 AM]
[线程：1]
    注册总用时：0.0061ms
自动扫描程序集：0个
扩展缓存：

[[[微信扩展缓存注册完成]]]
[3/23/2020 8:19:11 AM]
[线程：1]
    微信扩展缓存注册总用时：0.0057ms
扩展缓存：Senparc.Weixin.Cache.LocalContainerCacheStrategy

[[[自动注册扩展缓存完成]]]
[3/23/2020 8:38:01 AM]
[线程：1]
    注册总用时：0.0056ms
自动扫描程序集：0个
扩展缓存：

[[[微信扩展缓存注册完成]]]
[3/23/2020 8:38:01 AM]
[线程：1]
    微信扩展缓存注册总用时：0.0073ms
扩展缓存：Senparc.Weixin.Cache.LocalContainerCacheStrategy

[[[自动注册扩展缓存完成]]]
[3/23/2020 8:38:51 AM]
[线程：1]
    注册总用时：0.0059ms
自动扫描程序集：0个
扩展缓存：

[[[微信扩展缓存注册完成]]]
[3/23/2020 8:38:51 AM]
[线程：1]
    微信扩展缓存注册总用时：0.0062ms
扩展缓存：Senparc.Weixin.Cache.LocalContainerCacheStrategy

[[[自动注册扩展缓存完成]]]
[3/23/2020 8:46:35 AM]
[线程：1]
    注册总用时：0.0051ms
自动扫描程序集：0个
扩展缓存：

[[[微信扩展缓存注册完成]]]
[3/23/2020 8:46:35 AM]
[线程：1]
    微信扩展缓存注册总用时：0.0073ms
扩展缓存：Senparc.Weixin.Cache.LocalContainerCacheStrategy

[[[自动注册扩展缓存完成]]]
[3/23/2020 8:53:42 AM]
[线程：1]
    注册总用时：0.0058ms
自动扫描程序集：0个
扩展缓存：

[[[微信扩展缓存注册完成]]]
[3/23/2020 8:53:42 AM]
[线程：1]
    微信扩展缓存注册总用时：0.007ms
扩展缓存：Senparc.Weixin.Cache.LocalContainerCacheStrategy

[[[自动注册扩展缓存完成]]]
[3/23/2020 9:04:23 AM]
[线程：1]
    注册总用时：0.0073ms
自动扫描程序集：0个
扩展缓存：

[[[微信扩展缓存注册完成]]]
[3/23/2020 9:04:23 AM]
[线程：1]
    微信扩展缓存注册总用时：0.0073ms
扩展缓存：Senparc.Weixin.Cache.LocalContainerCacheStrategy

[[[自动注册扩展缓存完成]]]
[3/23/2020 9:13:02 AM]
[线程：1]
    注册总用时：0.0071ms
自动扫描程序集：0个
扩展缓存：

[[[微信扩展缓存注册完成]]]
[3/23/2020 9:13:02 AM]
[线程：1]
    微信扩展缓存注册总用时：0.0073ms
扩展缓存：Senparc.Weixin.Cache.LocalContainerCacheStrategy

[[[自动注册扩展缓存完成]]]
[3/23/2020 9:36:41 AM]
[线程：1]
    注册总用时：0.0068ms
自动扫描程序集：0个
扩展缓存：

[[[微信扩展缓存注册完成]]]
[3/23/2020 9:36:41 AM]
[线程：1]
    微信扩展缓存注册总用时：0.0063ms
扩展缓存：Senparc.Weixin.Cache.LocalContainerCacheStrategy

[[[自动注册扩展缓存完成]]]
[3/23/2020 10:06:33 AM]
[线程：1]
    注册总用时：0.0058ms
自动扫描程序集：0个
扩展缓存：

[[[微信扩展缓存注册完成]]]
[3/23/2020 10:06:34 AM]
[线程：1]
    微信扩展缓存注册总用时：0.0065ms
扩展缓存：Senparc.Weixin.Cache.LocalContainerCacheStrategy

[[[自动注册扩展缓存完成]]]
[3/23/2020 11:14:59 AM]
[线程：1]
    注册总用时：0.0052ms
自动扫描程序集：0个
扩展缓存：

[[[微信扩展缓存注册完成]]]
[3/23/2020 11:14:59 AM]
[线程：1]
    微信扩展缓存注册总用时：0.0066ms
扩展缓存：Senparc.Weixin.Cache.LocalContainerCacheStrategy

[[[自动注册扩展缓存完成]]]
[3/23/2020 12:00:45 PM]
[线程：1]
    注册总用时：0.0053ms
自动扫描程序集：0个
扩展缓存：

[[[微信扩展缓存注册完成]]]
[3/23/2020 12:00:45 PM]
[线程：1]
    微信扩展缓存注册总用时：0.0055ms
扩展缓存：Senparc.Weixin.Cache.LocalContainerCacheStrategy

[[[自动注册扩展缓存完成]]]
[3/23/2020 4:33:04 PM]
[线程：1]
    注册总用时：0.0365ms
自动扫描程序集：0个
扩展缓存：

[[[微信扩展缓存注册完成]]]
[3/23/2020 4:33:04 PM]
[线程：1]
    微信扩展缓存注册总用时：0.0057ms
扩展缓存：Senparc.Weixin.Cache.LocalContainerCacheStrategy

[[[自动注册扩展缓存完成]]]
[3/23/2020 5:09:46 PM]
[线程：1]
    注册总用时：0.0058ms
自动扫描程序集：0个
扩展缓存：

[[[微信扩展缓存注册完成]]]
[3/23/2020 5:09:46 PM]
[线程：1]
    微信扩展缓存注册总用时：0.0065ms
扩展缓存：Senparc.Weixin.Cache.LocalContainerCacheStrategy

[[[自动注册扩展缓存完成]]]
[3/23/2020 5:27:05 PM]
[线程：1]
    注册总用时：0.005ms
自动扫描程序集：0个
扩展缓存：

[[[微信扩展缓存注册完成]]]
[3/23/2020 5:27:05 PM]
[线程：1]
    微信扩展缓存注册总用时：0.0064ms
扩展缓存：Senparc.Weixin.Cache.LocalContainerCacheStrategy

[[[自动注册扩展缓存完成]]]
[3/23/2020 5:38:44 PM]
[线程：1]
    注册总用时：0.0063ms
自动扫描程序集：0个
扩展缓存：

[[[微信扩展缓存注册完成]]]
[3/23/2020 5:38:44 PM]
[线程：1]
    微信扩展缓存注册总用时：0.006ms
扩展缓存：Senparc.Weixin.Cache.LocalContainerCacheStrategy

[[[自动注册扩展缓存完成]]]
[3/23/2020 6:01:22 PM]
[线程：1]
    注册总用时：0.0059ms
自动扫描程序集：0个
扩展缓存：

[[[微信扩展缓存注册完成]]]
[3/23/2020 6:01:22 PM]
[线程：1]
    微信扩展缓存注册总用时：0.0081ms
扩展缓存：Senparc.Weixin.Cache.LocalContainerCacheStrategy

[[[自动注册扩展缓存完成]]]
[3/23/2020 6:15:25 PM]
[线程：1]
    注册总用时：0.0058ms
自动扫描程序集：0个
扩展缓存：

[[[微信扩展缓存注册完成]]]
[3/23/2020 6:15:25 PM]
[线程：1]
    微信扩展缓存注册总用时：0.0068ms
扩展缓存：Senparc.Weixin.Cache.LocalContainerCacheStrategy

[[[自动注册扩展缓存完成]]]
[3/23/2020 6:21:51 PM]
[线程：1]
    注册总用时：0.0072ms
自动扫描程序集：0个
扩展缓存：

[[[微信扩展缓存注册完成]]]
[3/23/2020 6:21:51 PM]
[线程：1]
    微信扩展缓存注册总用时：0.0111ms
扩展缓存：Senparc.Weixin.Cache.LocalContainerCacheStrategy

[[[自动注册扩展缓存完成]]]
[3/23/2020 7:22:39 PM]
[线程：1]
    注册总用时：0.0069ms
自动扫描程序集：0个
扩展缓存：

[[[微信扩展缓存注册完成]]]
[3/23/2020 7:22:39 PM]
[线程：1]
    微信扩展缓存注册总用时：0.0076ms
扩展缓存：Senparc.Weixin.Cache.LocalContainerCacheStrategy

[[[自动注册扩展缓存完成]]]
[3/23/2020 8:05:25 PM]
[线程：1]
    注册总用时：0.0058ms
自动扫描程序集：0个
扩展缓存：

[[[微信扩展缓存注册完成]]]
[3/23/2020 8:05:25 PM]
[线程：1]
    微信扩展缓存注册总用时：0.0074ms
扩展缓存：Senparc.Weixin.Cache.LocalContainerCacheStrategy

[[[自动注册扩展缓存完成]]]
[3/23/2020 8:13:13 PM]
[线程：1]
    注册总用时：0.0552ms
自动扫描程序集：0个
扩展缓存：

[[[微信扩展缓存注册完成]]]
[3/23/2020 8:13:13 PM]
[线程：1]
    微信扩展缓存注册总用时：0.008ms
扩展缓存：Senparc.Weixin.Cache.LocalContainerCacheStrategy

[[[自动注册扩展缓存完成]]]
[3/23/2020 8:21:25 PM]
[线程：1]
    注册总用时：0.0069ms
自动扫描程序集：0个
扩展缓存：

[[[微信扩展缓存注册完成]]]
[3/23/2020 8:21:25 PM]
[线程：1]
    微信扩展缓存注册总用时：0.0067ms
扩展缓存：Senparc.Weixin.Cache.LocalContainerCacheStrategy

[[[自动注册扩展缓存完成]]]
[3/23/2020 8:29:53 PM]
[线程：1]
    注册总用时：0.0063ms
自动扫描程序集：0个
扩展缓存：

[[[微信扩展缓存注册完成]]]
[3/23/2020 8:29:57 PM]
[线程：1]
    微信扩展缓存注册总用时：0.0061ms
扩展缓存：Senparc.Weixin.Cache.LocalContainerCacheStrategy

[[[自动注册扩展缓存完成]]]
[3/23/2020 8:49:49 PM]
[线程：1]
    注册总用时：0.0053ms
自动扫描程序集：0个
扩展缓存：

[[[微信扩展缓存注册完成]]]
[3/23/2020 8:49:49 PM]
[线程：1]
    微信扩展缓存注册总用时：0.0087ms
扩展缓存：Senparc.Weixin.Cache.LocalContainerCacheStrategy

[[[自动注册扩展缓存完成]]]
[3/23/2020 9:03:59 PM]
[线程：1]
    注册总用时：0.0065ms
自动扫描程序集：0个
扩展缓存：

[[[微信扩展缓存注册完成]]]
[3/23/2020 9:03:59 PM]
[线程：1]
    微信扩展缓存注册总用时：0.0067ms
扩展缓存：Senparc.Weixin.Cache.LocalContainerCacheStrategy

[[[自动注册扩展缓存完成]]]
[3/23/2020 9:36:25 PM]
[线程：1]
    注册总用时：0.0066ms
自动扫描程序集：0个
扩展缓存：

[[[微信扩展缓存注册完成]]]
[3/23/2020 9:36:26 PM]
[线程：1]
    微信扩展缓存注册总用时：0.0054ms
扩展缓存：Senparc.Weixin.Cache.LocalContainerCacheStrategy
