
[[[自动注册扩展缓存完成]]]
[1/10/2020 1:29:37 PM]
[线程：1]
    注册总用时：0.0079ms
自动扫描程序集：0个
扩展缓存：

[[[微信扩展缓存注册完成]]]
[1/10/2020 1:29:38 PM]
[线程：1]
    微信扩展缓存注册总用时：0.0089ms
扩展缓存：Senparc.Weixin.Cache.LocalContainerCacheStrategy

[[[自动注册扩展缓存完成]]]
[1/10/2020 2:11:01 PM]
[线程：1]
    注册总用时：0.0057ms
自动扫描程序集：0个
扩展缓存：

[[[微信扩展缓存注册完成]]]
[1/10/2020 2:11:01 PM]
[线程：1]
    微信扩展缓存注册总用时：0.0057ms
扩展缓存：Senparc.Weixin.Cache.LocalContainerCacheStrategy

[[[自动注册扩展缓存完成]]]
[1/10/2020 2:15:38 PM]
[线程：1]
    注册总用时：0.0058ms
自动扫描程序集：0个
扩展缓存：

[[[微信扩展缓存注册完成]]]
[1/10/2020 2:15:41 PM]
[线程：1]
    微信扩展缓存注册总用时：0.0052ms
扩展缓存：Senparc.Weixin.Cache.LocalContainerCacheStrategy

[[[自动注册扩展缓存完成]]]
[1/10/2020 2:28:36 PM]
[线程：1]
    注册总用时：0.0073ms
自动扫描程序集：0个
扩展缓存：

[[[微信扩展缓存注册完成]]]
[1/10/2020 2:28:36 PM]
[线程：1]
    微信扩展缓存注册总用时：0.0078ms
扩展缓存：Senparc.Weixin.Cache.LocalContainerCacheStrategy

[[[自动注册扩展缓存完成]]]
[1/10/2020 3:10:18 PM]
[线程：1]
    注册总用时：0.0067ms
自动扫描程序集：0个
扩展缓存：

[[[微信扩展缓存注册完成]]]
[1/10/2020 3:10:18 PM]
[线程：1]
    微信扩展缓存注册总用时：0.0061ms
扩展缓存：Senparc.Weixin.Cache.LocalContainerCacheStrategy

[[[自动注册扩展缓存完成]]]
[1/10/2020 3:18:42 PM]
[线程：1]
    注册总用时：0.0055ms
自动扫描程序集：0个
扩展缓存：

[[[微信扩展缓存注册完成]]]
[1/10/2020 3:18:42 PM]
[线程：1]
    微信扩展缓存注册总用时：0.0076ms
扩展缓存：Senparc.Weixin.Cache.LocalContainerCacheStrategy

[[[自动注册扩展缓存完成]]]
[1/10/2020 3:22:02 PM]
[线程：1]
    注册总用时：0.0053ms
自动扫描程序集：0个
扩展缓存：

[[[微信扩展缓存注册完成]]]
[1/10/2020 3:22:02 PM]
[线程：1]
    微信扩展缓存注册总用时：0.0066ms
扩展缓存：Senparc.Weixin.Cache.LocalContainerCacheStrategy

[[[自动注册扩展缓存完成]]]
[1/10/2020 3:34:36 PM]
[线程：1]
    注册总用时：0.0069ms
自动扫描程序集：0个
扩展缓存：

[[[微信扩展缓存注册完成]]]
[1/10/2020 3:34:36 PM]
[线程：1]
    微信扩展缓存注册总用时：0.0075ms
扩展缓存：Senparc.Weixin.Cache.LocalContainerCacheStrategy
