
[[[自动注册扩展缓存完成]]]
[2/16/2020 8:44:51 PM]
[线程：1]
    注册总用时：0.0065ms
自动扫描程序集：0个
扩展缓存：

[[[微信扩展缓存注册完成]]]
[2/16/2020 8:44:51 PM]
[线程：1]
    微信扩展缓存注册总用时：0.0279ms
扩展缓存：Senparc.Weixin.Cache.LocalContainerCacheStrategy

[[[自动注册扩展缓存完成]]]
[2/16/2020 9:02:50 PM]
[线程：1]
    注册总用时：0.0064ms
自动扫描程序集：0个
扩展缓存：

[[[微信扩展缓存注册完成]]]
[2/16/2020 9:02:50 PM]
[线程：1]
    微信扩展缓存注册总用时：0.0062ms
扩展缓存：Senparc.Weixin.Cache.LocalContainerCacheStrategy

[[[自动注册扩展缓存完成]]]
[2/16/2020 9:13:24 PM]
[线程：1]
    注册总用时：0.005ms
自动扫描程序集：0个
扩展缓存：

[[[微信扩展缓存注册完成]]]
[2/16/2020 9:13:24 PM]
[线程：1]
    微信扩展缓存注册总用时：0.0086ms
扩展缓存：Senparc.Weixin.Cache.LocalContainerCacheStrategy
